<?xml version="1.0" encoding="UTF-8"?>
<!-- Generated by org.testng.reporters.JUnitXMLReporter -->
<testsuite hostname="sacvd04181" ignored="0" name="Default test" tests="1" failures="0" timestamp="30 May 2019 04:22:17 GMT" time="0.107" errors="0">
  <testcase name="@BeforeSuite getConnection" time="0.0" classname="com.bsc.qa.facets.afa.test.AfaInvoiceReportValidationTest">
    <failure type="org.testng.TestNGException" message="
Parameter &amp;apos;db_user&amp;apos; is required by BeforeSuite on method getConnection but has not been marked @Optional or defined
in C:\Users\skumar33\AppData\Local\Temp\testng-eclipse--1921497698\testng-customsuite.xml">
      <![CDATA[org.testng.TestNGException: 
Parameter 'db_user' is required by BeforeSuite on method getConnection but has not been marked @Optional or defined
in C:\Users\skumar33\AppData\Local\Temp\testng-eclipse--1921497698\testng-customsuite.xml
at org.testng.internal.Parameters.createParams(Parameters.java:290)
at org.testng.internal.Parameters.createParametersForMethod(Parameters.java:359)
at org.testng.internal.Parameters.createParameters(Parameters.java:620)
at org.testng.internal.Parameters.createConfigurationParameters(Parameters.java:190)
at org.testng.internal.Invoker.invokeConfigurations(Invoker.java:209)
at org.testng.internal.Invoker.invokeConfigurations(Invoker.java:142)
at org.testng.SuiteRunner.privateRun(SuiteRunner.java:401)
at org.testng.SuiteRunner.run(SuiteRunner.java:364)
at org.testng.SuiteRunnerWorker.runSuite(SuiteRunnerWorker.java:52)
at org.testng.SuiteRunnerWorker.run(SuiteRunnerWorker.java:84)
at org.testng.TestNG.runSuitesSequentially(TestNG.java:1208)
at org.testng.TestNG.runSuitesLocally(TestNG.java:1137)
at org.testng.TestNG.runSuites(TestNG.java:1049)
at org.testng.TestNG.run(TestNG.java:1017)
at org.testng.remote.AbstractRemoteTestNG.run(AbstractRemoteTestNG.java:114)
at org.testng.remote.RemoteTestNG.initAndRun(RemoteTestNG.java:251)
at org.testng.remote.RemoteTestNG.main(RemoteTestNG.java:77)
]]>
    </failure>
  </testcase> <!-- @BeforeSuite getConnection -->
  <testcase name="testQueries" time="0.0" classname="com.bsc.qa.facets.afa.test.AfaInvoiceReportValidationTest">
    <skipped/>
  </testcase> <!-- testQueries -->
</testsuite> <!-- Default test -->
