<?xml version="1.0" encoding="UTF-8"?>
<!-- Generated by org.testng.reporters.JUnitXMLReporter -->
<testsuite hostname="sacvd04045" ignored="0" name="Default test" tests="8" failures="0" timestamp="14 Jun 2019 04:30:30 GMT" time="1.224" errors="0">
  <testcase name="testAllData" time="0.318" classname="com.bsc.qa.facets.afa.test.BorFileValidationTest"/>
  <testcase name="testAllData" time="0.002" classname="com.bsc.qa.facets.afa.test.BorFileValidationTest"/>
  <testcase name="testAllData" time="0.003" classname="com.bsc.qa.facets.afa.test.BorFileValidationTest"/>
  <testcase name="testAllData" time="0.004" classname="com.bsc.qa.facets.afa.test.BorFileValidationTest"/>
  <testcase name="testAllData" time="0.001" classname="com.bsc.qa.facets.afa.test.BorFileValidationTest"/>
  <testcase name="testAllData" time="0.002" classname="com.bsc.qa.facets.afa.test.BorFileValidationTest"/>
  <testcase name="testAllData" time="0.004" classname="com.bsc.qa.facets.afa.test.BorFileValidationTest"/>
  <testcase name="testAllData" time="0.001" classname="com.bsc.qa.facets.afa.test.BorFileValidationTest"/>
</testsuite> <!-- Default test -->
