<?xml version="1.0" encoding="UTF-8"?>
<testng-results skipped="0" failed="0" ignored="0" total="3" passed="3">
  <reporter-output>
  </reporter-output>
  <suite name="Suite" duration-ms="21351" started-at="2019-06-27T07:40:34Z" finished-at="2019-06-27T07:40:55Z">
    <groups>
    </groups>
    <test name="Test" duration-ms="21351" started-at="2019-06-27T07:40:34Z" finished-at="2019-06-27T07:40:55Z">
      <class name="com.bsc.qa.facets.afa.test.AfaInvoiceReportValidationTest">
        <test-method status="PASS" signature="getConnection()[pri:0, instance:com.bsc.qa.facets.afa.test.AfaInvoiceReportValidationTest@1ad74ee]" name="getConnection" is-config="true" duration-ms="2885" started-at="2019-06-27T07:40:31Z" finished-at="2019-06-27T07:40:34Z">
          <reporter-output>
          </reporter-output>
        </test-method> <!-- getConnection -->
        <test-method status="PASS" signature="beforeTest()[pri:0, instance:com.bsc.qa.facets.afa.test.AfaInvoiceReportValidationTest@1ad74ee]" name="beforeTest" is-config="true" duration-ms="21289" started-at="2019-06-27T07:40:34Z" finished-at="2019-06-27T07:40:55Z">
          <reporter-output>
          </reporter-output>
        </test-method> <!-- beforeTest -->
        <test-method status="PASS" signature="testClaimsActivitySummaryData(java.lang.String, java.util.Hashtable, java.util.Hashtable)[pri:0, instance:com.bsc.qa.facets.afa.test.AfaInvoiceReportValidationTest@1ad74ee]" name="testClaimsActivitySummaryData" duration-ms="4" started-at="2019-06-27T07:40:55Z" data-provider="provideClaimsActivitySummaryData" finished-at="2019-06-27T07:40:55Z">
          <params>
            <param index="0">
              <value is-null="true"/>
            </param>
            <param index="1">
              <value is-null="true"/>
            </param>
            <param index="2">
              <value is-null="true"/>
            </param>
          </params>
          <reporter-output>
          </reporter-output>
        </test-method> <!-- testClaimsActivitySummaryData -->
        <test-method status="PASS" signature="testFrontPageData(java.lang.String, java.util.Hashtable, java.util.Hashtable)[pri:0, instance:com.bsc.qa.facets.afa.test.AfaInvoiceReportValidationTest@1ad74ee]" name="testFrontPageData" duration-ms="2" started-at="2019-06-27T07:40:55Z" data-provider="provideFrontPageData" finished-at="2019-06-27T07:40:55Z">
          <params>
            <param index="0">
              <value is-null="true"/>
            </param>
            <param index="1">
              <value is-null="true"/>
            </param>
            <param index="2">
              <value is-null="true"/>
            </param>
          </params>
          <reporter-output>
          </reporter-output>
        </test-method> <!-- testFrontPageData -->
        <test-method status="PASS" signature="testShieldSavingData(java.lang.String, java.util.Hashtable, java.util.Hashtable)[pri:0, instance:com.bsc.qa.facets.afa.test.AfaInvoiceReportValidationTest@1ad74ee]" name="testShieldSavingData" duration-ms="1" started-at="2019-06-27T07:40:55Z" data-provider="provideShieldSavingData" finished-at="2019-06-27T07:40:55Z">
          <params>
            <param index="0">
              <value is-null="true"/>
            </param>
            <param index="1">
              <value is-null="true"/>
            </param>
            <param index="2">
              <value is-null="true"/>
            </param>
          </params>
          <reporter-output>
          </reporter-output>
        </test-method> <!-- testShieldSavingData -->
        <test-method status="PASS" signature="closeConnection()[pri:0, instance:com.bsc.qa.facets.afa.test.AfaInvoiceReportValidationTest@1ad74ee]" name="closeConnection" is-config="true" duration-ms="4" started-at="2019-06-27T07:40:55Z" finished-at="2019-06-27T07:40:55Z">
          <reporter-output>
          </reporter-output>
        </test-method> <!-- closeConnection -->
      </class> <!-- com.bsc.qa.facets.afa.test.AfaInvoiceReportValidationTest -->
    </test> <!-- Test -->
  </suite> <!-- Suite -->
</testng-results>
