<?xml version="1.0" encoding="UTF-8"?>
<testng-results skipped="0" failed="0" ignored="0" total="7" passed="7">
  <reporter-output>
  </reporter-output>
  <suite name="Suite" duration-ms="2370" started-at="2019-06-17T12:03:16Z" finished-at="2019-06-17T12:03:19Z">
    <groups>
    </groups>
    <test name="Test" duration-ms="2370" started-at="2019-06-17T12:03:16Z" finished-at="2019-06-17T12:03:19Z">
      <class name="com.bsc.qa.facets.afa.test.BorFileValidationTest">
        <test-method status="PASS" signature="getConnection()[pri:0, instance:com.bsc.qa.facets.afa.test.BorFileValidationTest@16b4233]" name="getConnection" is-config="true" duration-ms="3825" started-at="2019-06-17T12:03:13Z" finished-at="2019-06-17T12:03:16Z">
          <reporter-output>
          </reporter-output>
        </test-method> <!-- getConnection -->
        <test-method status="PASS" signature="getData()[pri:0, instance:com.bsc.qa.facets.afa.test.BorFileValidationTest@16b4233]" name="getData" is-config="true" duration-ms="1941" started-at="2019-06-17T12:03:16Z" finished-at="2019-06-17T12:03:18Z">
          <reporter-output>
          </reporter-output>
        </test-method> <!-- getData -->
        <test-method status="PASS" signature="testAllData(java.lang.String, java.util.Hashtable, java.util.Hashtable, java.util.Hashtable)[pri:0, instance:com.bsc.qa.facets.afa.test.BorFileValidationTest@16b4233]" name="testAllData" duration-ms="336" started-at="2019-06-17T12:03:18Z" data-provider="allData" finished-at="2019-06-17T12:03:19Z">
          <params>
            <param index="0">
              <value>
                <![CDATA[R29897264385]]>
              </value>
            </param>
            <param index="1">
              <value>
                <![CDATA[{R29897264385=BORFile     [claimId=R29897264385, fileName=FACETS_PCT_AFAGL.#061719.011908.txt, vendorName=ARGS, groupNumber=W0002709, subgroupId=1000, subscriberId=906470213, personNumber=00, claimNumber=229897264385, claimVersionNumber=00, claimAmount=91.80, clientPrice=459.00, bscRevenueAmount=367.20, checkNumber=3003834, checkDate=17-JUN-19, serviceDate=17-JUN-19, payeeId=5660584, payeeName=OMNI FAMILY HEALTH 3, planId=PPOX0002, productId=M0017675, productCategory=M, classId=100A, productBusinessCategory=0013, productValueCode=0035, lineOfBusinessId=0006, legalEntity=101, billedAmount=459.00, allowedAmount=275.40, deductibleAmount=91.80, coinsuranceAmount=45.90, copayAmount=45.90, diagnosisCode=9999, diagnosisCodeType=, procedureCode=99199, hcpcs_id=, claimTransactionType=P]}]]>
              </value>
            </param>
            <param index="2">
              <value>
                <![CDATA[{R29897264385=com.bsc.qa.facets.afa.pojo.KeywordFile@1eddc56}]]>
              </value>
            </param>
            <param index="3">
              <value>
                <![CDATA[{R29897264385=com.bsc.qa.facets.afa.pojo.KeywordDB@1b663b3}]]>
              </value>
            </param>
          </params>
          <reporter-output>
          </reporter-output>
        </test-method> <!-- testAllData -->
        <test-method status="PASS" signature="afterMethod(java.lang.reflect.Method)[pri:0, instance:com.bsc.qa.facets.afa.test.BorFileValidationTest@16b4233]" name="afterMethod" is-config="true" duration-ms="2" started-at="2019-06-17T12:03:19Z" finished-at="2019-06-17T12:03:19Z">
          <params>
            <param index="0">
              <value>
                <![CDATA[public void com.bsc.qa.facets.afa.test.BorFileValidationTest.testAllData(java.lang.String,java.util.Hashtable,java.util.Hashtable,java.util.Hashtable)]]>
              </value>
            </param>
          </params>
          <reporter-output>
          </reporter-output>
        </test-method> <!-- afterMethod -->
        <test-method status="PASS" signature="logResult(org.testng.ITestResult)[pri:0, instance:com.bsc.qa.facets.afa.test.BorFileValidationTest@16b4233]" name="logResult" is-config="true" duration-ms="0" started-at="2019-06-17T12:03:19Z" finished-at="2019-06-17T12:03:19Z">
          <params>
            <param index="0">
              <value>
                <![CDATA[[TestResult name=testAllData status=SUCCESS method=BorFileValidationTest.testAllData(java.lang.String, java.util.Hashtable, java.util.Hashtable, java.util.Hashtable)[pri:0, instance:com.bsc.qa.facets.afa.test.BorFileValidationTest@16b4233] output={null}]]]>
              </value>
            </param>
          </params>
          <reporter-output>
          </reporter-output>
        </test-method> <!-- logResult -->
        <test-method status="PASS" signature="testAllData(java.lang.String, java.util.Hashtable, java.util.Hashtable, java.util.Hashtable)[pri:0, instance:com.bsc.qa.facets.afa.test.BorFileValidationTest@16b4233]" name="testAllData" duration-ms="2" started-at="2019-06-17T12:03:19Z" data-provider="allData" finished-at="2019-06-17T12:03:19Z">
          <params>
            <param index="0">
              <value>
                <![CDATA[R92488723848]]>
              </value>
            </param>
            <param index="1">
              <value>
                <![CDATA[{R92488723848=BORFile     [claimId=R92488723848, fileName=FACETS_PCT_AFAGL.#061719.011908.txt, vendorName=ARGS, groupNumber=GPIPDR08, subgroupId=SG08, subscriberId=723436637, personNumber=00, claimNumber=192488723848, claimVersionNumber=01, claimAmount=-50.00, clientPrice=-10.00, bscRevenueAmount=-40.00, checkNumber=2960626, checkDate=17-JUN-19, serviceDate=12-APR-19, payeeId=0107777, payeeName=EXPO PHARMACY, planId=PPOX0001, productId=MRX07098, productCategory=M, classId=CL08, productBusinessCategory=0013, productValueCode=0035, lineOfBusinessId=0006, legalEntity=101, billedAmount=-90.00, allowedAmount=-45.00, deductibleAmount=-12.05, coinsuranceAmount=-13.03, copayAmount=-12.21, diagnosisCode=9999, diagnosisCodeType=, procedureCode=99199, hcpcs_id=, claimTransactionType=A]}]]>
              </value>
            </param>
            <param index="2">
              <value>
                <![CDATA[{R92488723848=com.bsc.qa.facets.afa.pojo.KeywordFile@6fce47}]]>
              </value>
            </param>
            <param index="3">
              <value>
                <![CDATA[{R92488723848=com.bsc.qa.facets.afa.pojo.KeywordDB@1c64cfe}]]>
              </value>
            </param>
          </params>
          <reporter-output>
          </reporter-output>
        </test-method> <!-- testAllData -->
        <test-method status="PASS" signature="afterMethod(java.lang.reflect.Method)[pri:0, instance:com.bsc.qa.facets.afa.test.BorFileValidationTest@16b4233]" name="afterMethod" is-config="true" duration-ms="1" started-at="2019-06-17T12:03:19Z" finished-at="2019-06-17T12:03:19Z">
          <params>
            <param index="0">
              <value>
                <![CDATA[public void com.bsc.qa.facets.afa.test.BorFileValidationTest.testAllData(java.lang.String,java.util.Hashtable,java.util.Hashtable,java.util.Hashtable)]]>
              </value>
            </param>
          </params>
          <reporter-output>
          </reporter-output>
        </test-method> <!-- afterMethod -->
        <test-method status="PASS" signature="logResult(org.testng.ITestResult)[pri:0, instance:com.bsc.qa.facets.afa.test.BorFileValidationTest@16b4233]" name="logResult" is-config="true" duration-ms="1" started-at="2019-06-17T12:03:19Z" finished-at="2019-06-17T12:03:19Z">
          <params>
            <param index="0">
              <value>
                <![CDATA[[TestResult name=testAllData status=SUCCESS method=BorFileValidationTest.testAllData(java.lang.String, java.util.Hashtable, java.util.Hashtable, java.util.Hashtable)[pri:0, instance:com.bsc.qa.facets.afa.test.BorFileValidationTest@16b4233] output={null}]]]>
              </value>
            </param>
          </params>
          <reporter-output>
          </reporter-output>
        </test-method> <!-- logResult -->
        <test-method status="PASS" signature="testAllData(java.lang.String, java.util.Hashtable, java.util.Hashtable, java.util.Hashtable)[pri:0, instance:com.bsc.qa.facets.afa.test.BorFileValidationTest@16b4233]" name="testAllData" duration-ms="4" started-at="2019-06-17T12:03:19Z" data-provider="allData" finished-at="2019-06-17T12:03:19Z">
          <params>
            <param index="0">
              <value>
                <![CDATA[R80075499989]]>
              </value>
            </param>
            <param index="1">
              <value>
                <![CDATA[{R80075499989=BORFile     [claimId=R80075499989, fileName=FACETS_PCT_AFAGL.#061719.011908.txt, vendorName=ARGS, groupNumber=GRPMED11, subgroupId=SG11, subscriberId=909816361, personNumber=00, claimNumber=R80075499989, claimVersionNumber=00, claimAmount=5.50, clientPrice=11.00, bscRevenueAmount=5.50, checkNumber=3045748, checkDate=17-JUN-19, serviceDate=21-MAY-19, payeeId=0107777, payeeName=EXPO PHARMACY, planId=PPOX0001, productId=MRX07098, productCategory=M, classId=CL11, productBusinessCategory=0013, productValueCode=0035, lineOfBusinessId=0006, legalEntity=101, billedAmount=11.00, allowedAmount=6.60, deductibleAmount=2.20, coinsuranceAmount=1.10, copayAmount=1.10, diagnosisCode=9999, diagnosisCodeType=, procedureCode=99199, hcpcs_id=, claimTransactionType=P]}]]>
              </value>
            </param>
            <param index="2">
              <value>
                <![CDATA[{R80075499989=com.bsc.qa.facets.afa.pojo.KeywordFile@18f8a80}]]>
              </value>
            </param>
            <param index="3">
              <value>
                <![CDATA[{R80075499989=com.bsc.qa.facets.afa.pojo.KeywordDB@11c0397}]]>
              </value>
            </param>
          </params>
          <reporter-output>
          </reporter-output>
        </test-method> <!-- testAllData -->
        <test-method status="PASS" signature="afterMethod(java.lang.reflect.Method)[pri:0, instance:com.bsc.qa.facets.afa.test.BorFileValidationTest@16b4233]" name="afterMethod" is-config="true" duration-ms="0" started-at="2019-06-17T12:03:19Z" finished-at="2019-06-17T12:03:19Z">
          <params>
            <param index="0">
              <value>
                <![CDATA[public void com.bsc.qa.facets.afa.test.BorFileValidationTest.testAllData(java.lang.String,java.util.Hashtable,java.util.Hashtable,java.util.Hashtable)]]>
              </value>
            </param>
          </params>
          <reporter-output>
          </reporter-output>
        </test-method> <!-- afterMethod -->
        <test-method status="PASS" signature="logResult(org.testng.ITestResult)[pri:0, instance:com.bsc.qa.facets.afa.test.BorFileValidationTest@16b4233]" name="logResult" is-config="true" duration-ms="0" started-at="2019-06-17T12:03:19Z" finished-at="2019-06-17T12:03:19Z">
          <params>
            <param index="0">
              <value>
                <![CDATA[[TestResult name=testAllData status=SUCCESS method=BorFileValidationTest.testAllData(java.lang.String, java.util.Hashtable, java.util.Hashtable, java.util.Hashtable)[pri:0, instance:com.bsc.qa.facets.afa.test.BorFileValidationTest@16b4233] output={null}]]]>
              </value>
            </param>
          </params>
          <reporter-output>
          </reporter-output>
        </test-method> <!-- logResult -->
        <test-method status="PASS" signature="testAllData(java.lang.String, java.util.Hashtable, java.util.Hashtable, java.util.Hashtable)[pri:0, instance:com.bsc.qa.facets.afa.test.BorFileValidationTest@16b4233]" name="testAllData" duration-ms="1" started-at="2019-06-17T12:03:19Z" data-provider="allData" finished-at="2019-06-17T12:03:19Z">
          <params>
            <param index="0">
              <value>
                <![CDATA[R59173515955]]>
              </value>
            </param>
            <param index="1">
              <value>
                <![CDATA[{R59173515955=BORFile     [claimId=R59173515955, fileName=FACETS_PCT_AFAGL.#061719.011908.txt, vendorName=ARGS, groupNumber=GRPMED05, subgroupId=SG05, subscriberId=909816351, personNumber=00, claimNumber=R59173515955, claimVersionNumber=01, claimAmount=-7.5, clientPrice=-15, bscRevenueAmount=-7.5, checkNumber=8798378, checkDate=17-JUN-19, serviceDate=21-MAY-19, payeeId=0107777, payeeName=EXPO PHARMACY, planId=PPOX0002, productId=M0006025, productCategory=M, classId=CL05, productBusinessCategory=0013, productValueCode=0035, lineOfBusinessId=0006, legalEntity=101, billedAmount=-15, allowedAmount=-9, deductibleAmount=-3, coinsuranceAmount=-1.5, copayAmount=-1.5, diagnosisCode=9999, diagnosisCodeType=, procedureCode=99199, hcpcs_id=, claimTransactionType=A]}]]>
              </value>
            </param>
            <param index="2">
              <value>
                <![CDATA[{R59173515955=com.bsc.qa.facets.afa.pojo.KeywordFile@da0432}]]>
              </value>
            </param>
            <param index="3">
              <value>
                <![CDATA[{R59173515955=com.bsc.qa.facets.afa.pojo.KeywordDB@211fd0}]]>
              </value>
            </param>
          </params>
          <reporter-output>
          </reporter-output>
        </test-method> <!-- testAllData -->
        <test-method status="PASS" signature="afterMethod(java.lang.reflect.Method)[pri:0, instance:com.bsc.qa.facets.afa.test.BorFileValidationTest@16b4233]" name="afterMethod" is-config="true" duration-ms="0" started-at="2019-06-17T12:03:19Z" finished-at="2019-06-17T12:03:19Z">
          <params>
            <param index="0">
              <value>
                <![CDATA[public void com.bsc.qa.facets.afa.test.BorFileValidationTest.testAllData(java.lang.String,java.util.Hashtable,java.util.Hashtable,java.util.Hashtable)]]>
              </value>
            </param>
          </params>
          <reporter-output>
          </reporter-output>
        </test-method> <!-- afterMethod -->
        <test-method status="PASS" signature="logResult(org.testng.ITestResult)[pri:0, instance:com.bsc.qa.facets.afa.test.BorFileValidationTest@16b4233]" name="logResult" is-config="true" duration-ms="1" started-at="2019-06-17T12:03:19Z" finished-at="2019-06-17T12:03:19Z">
          <params>
            <param index="0">
              <value>
                <![CDATA[[TestResult name=testAllData status=SUCCESS method=BorFileValidationTest.testAllData(java.lang.String, java.util.Hashtable, java.util.Hashtable, java.util.Hashtable)[pri:0, instance:com.bsc.qa.facets.afa.test.BorFileValidationTest@16b4233] output={null}]]]>
              </value>
            </param>
          </params>
          <reporter-output>
          </reporter-output>
        </test-method> <!-- logResult -->
        <test-method status="PASS" signature="testAllData(java.lang.String, java.util.Hashtable, java.util.Hashtable, java.util.Hashtable)[pri:0, instance:com.bsc.qa.facets.afa.test.BorFileValidationTest@16b4233]" name="testAllData" duration-ms="2" started-at="2019-06-17T12:03:19Z" data-provider="allData" finished-at="2019-06-17T12:03:19Z">
          <params>
            <param index="0">
              <value>
                <![CDATA[R01993660018]]>
              </value>
            </param>
            <param index="1">
              <value>
                <![CDATA[{R01993660018=BORFile     [claimId=R01993660018, fileName=FACETS_PCT_AFAGL.#061719.011908.txt, vendorName=ARGS, groupNumber=GPIPDR06, subgroupId=SG06, subscriberId=723436635, personNumber=00, claimNumber=101993660018, claimVersionNumber=01, claimAmount=-106.82, clientPrice=16.00, bscRevenueAmount=-462.18, checkNumber=2019918, checkDate=17-JUN-19, serviceDate=14-APR-19, payeeId=0107777, payeeName=EXPO PHARMACY, planId=PPOX0001, productId=MRX07098, productCategory=M, classId=CL06, productBusinessCategory=0013, productValueCode=0035, lineOfBusinessId=0006, legalEntity=101, billedAmount=-569.00, allowedAmount=-345.00, deductibleAmount=-26.25, coinsuranceAmount=-23.65, copayAmount=-21.22, diagnosisCode=9999, diagnosisCodeType=, procedureCode=99199, hcpcs_id=, claimTransactionType=A]}]]>
              </value>
            </param>
            <param index="2">
              <value>
                <![CDATA[{R01993660018=com.bsc.qa.facets.afa.pojo.KeywordFile@188ffeb}]]>
              </value>
            </param>
            <param index="3">
              <value>
                <![CDATA[{R01993660018=com.bsc.qa.facets.afa.pojo.KeywordDB@7c28c1}]]>
              </value>
            </param>
          </params>
          <reporter-output>
          </reporter-output>
        </test-method> <!-- testAllData -->
        <test-method status="PASS" signature="afterMethod(java.lang.reflect.Method)[pri:0, instance:com.bsc.qa.facets.afa.test.BorFileValidationTest@16b4233]" name="afterMethod" is-config="true" duration-ms="0" started-at="2019-06-17T12:03:19Z" finished-at="2019-06-17T12:03:19Z">
          <params>
            <param index="0">
              <value>
                <![CDATA[public void com.bsc.qa.facets.afa.test.BorFileValidationTest.testAllData(java.lang.String,java.util.Hashtable,java.util.Hashtable,java.util.Hashtable)]]>
              </value>
            </param>
          </params>
          <reporter-output>
          </reporter-output>
        </test-method> <!-- afterMethod -->
        <test-method status="PASS" signature="testAllData(java.lang.String, java.util.Hashtable, java.util.Hashtable, java.util.Hashtable)[pri:0, instance:com.bsc.qa.facets.afa.test.BorFileValidationTest@16b4233]" name="testAllData" duration-ms="2" started-at="2019-06-17T12:03:19Z" data-provider="allData" finished-at="2019-06-17T12:03:19Z">
          <params>
            <param index="0">
              <value>
                <![CDATA[R10010233056]]>
              </value>
            </param>
            <param index="1">
              <value>
                <![CDATA[{R10010233056=BORFile     [claimId=R10010233056, fileName=FACETS_PCT_AFAGL.#061719.011908.txt, vendorName=ARGS, groupNumber=W0051457, subgroupId=1000, subscriberId=908470423, personNumber=00, claimNumber=210010233056, claimVersionNumber=00, claimAmount=886.00, clientPrice=886.00, bscRevenueAmount=0.00, checkNumber=7520658, checkDate=17-JUN-19, serviceDate=17-JUN-19, payeeId=0517459, payeeName=RITE AID PHARMACY 05, planId=PPOX0001, productId=M0018671, productCategory=M, classId=1000, productBusinessCategory=0013, productValueCode=0035, lineOfBusinessId=0006, legalEntity=101, billedAmount=886.00, allowedAmount=531.60, deductibleAmount=177.20, coinsuranceAmount=88.60, copayAmount=88.60, diagnosisCode=9999, diagnosisCodeType=, procedureCode=99199, hcpcs_id=, claimTransactionType=P]}]]>
              </value>
            </param>
            <param index="2">
              <value>
                <![CDATA[{R10010233056=com.bsc.qa.facets.afa.pojo.KeywordFile@103bf3c}]]>
              </value>
            </param>
            <param index="3">
              <value>
                <![CDATA[{R10010233056=com.bsc.qa.facets.afa.pojo.KeywordDB@cf5a97}]]>
              </value>
            </param>
          </params>
          <reporter-output>
          </reporter-output>
        </test-method> <!-- testAllData -->
        <test-method status="PASS" signature="logResult(org.testng.ITestResult)[pri:0, instance:com.bsc.qa.facets.afa.test.BorFileValidationTest@16b4233]" name="logResult" is-config="true" duration-ms="0" started-at="2019-06-17T12:03:19Z" finished-at="2019-06-17T12:03:19Z">
          <params>
            <param index="0">
              <value>
                <![CDATA[[TestResult name=testAllData status=SUCCESS method=BorFileValidationTest.testAllData(java.lang.String, java.util.Hashtable, java.util.Hashtable, java.util.Hashtable)[pri:0, instance:com.bsc.qa.facets.afa.test.BorFileValidationTest@16b4233] output={null}]]]>
              </value>
            </param>
          </params>
          <reporter-output>
          </reporter-output>
        </test-method> <!-- logResult -->
        <test-method status="PASS" signature="afterMethod(java.lang.reflect.Method)[pri:0, instance:com.bsc.qa.facets.afa.test.BorFileValidationTest@16b4233]" name="afterMethod" is-config="true" duration-ms="0" started-at="2019-06-17T12:03:19Z" finished-at="2019-06-17T12:03:19Z">
          <params>
            <param index="0">
              <value>
                <![CDATA[public void com.bsc.qa.facets.afa.test.BorFileValidationTest.testAllData(java.lang.String,java.util.Hashtable,java.util.Hashtable,java.util.Hashtable)]]>
              </value>
            </param>
          </params>
          <reporter-output>
          </reporter-output>
        </test-method> <!-- afterMethod -->
        <test-method status="PASS" signature="logResult(org.testng.ITestResult)[pri:0, instance:com.bsc.qa.facets.afa.test.BorFileValidationTest@16b4233]" name="logResult" is-config="true" duration-ms="0" started-at="2019-06-17T12:03:19Z" finished-at="2019-06-17T12:03:19Z">
          <params>
            <param index="0">
              <value>
                <![CDATA[[TestResult name=testAllData status=SUCCESS method=BorFileValidationTest.testAllData(java.lang.String, java.util.Hashtable, java.util.Hashtable, java.util.Hashtable)[pri:0, instance:com.bsc.qa.facets.afa.test.BorFileValidationTest@16b4233] output={null}]]]>
              </value>
            </param>
          </params>
          <reporter-output>
          </reporter-output>
        </test-method> <!-- logResult -->
        <test-method status="PASS" signature="testAllData(java.lang.String, java.util.Hashtable, java.util.Hashtable, java.util.Hashtable)[pri:0, instance:com.bsc.qa.facets.afa.test.BorFileValidationTest@16b4233]" name="testAllData" duration-ms="2" started-at="2019-06-17T12:03:19Z" data-provider="allData" finished-at="2019-06-17T12:03:19Z">
          <params>
            <param index="0">
              <value>
                <![CDATA[R65393034917]]>
              </value>
            </param>
            <param index="1">
              <value>
                <![CDATA[{R65393034917=BORFile     [claimId=R65393034917, fileName=FACETS_PCT_AFAGL.#061719.011908.txt, vendorName=ARGS, groupNumber=W0051645, subgroupId=1000, subscriberId=906623120, personNumber=00, claimNumber=265393034917, claimVersionNumber=00, claimAmount=150.60, clientPrice=753.00, bscRevenueAmount=602.40, checkNumber=8687524, checkDate=17-JUN-19, serviceDate=17-JUN-19, payeeId=5619943, payeeName=CVS PHARMACY 09627, planId=PPOX0003, productId=M0018970, productCategory=M, classId=1001, productBusinessCategory=0013, productValueCode=0035, lineOfBusinessId=0006, legalEntity=101, billedAmount=753.00, allowedAmount=451.80, deductibleAmount=150.60, coinsuranceAmount=75.30, copayAmount=75.30, diagnosisCode=9999, diagnosisCodeType=, procedureCode=99199, hcpcs_id=, claimTransactionType=P]}]]>
              </value>
            </param>
            <param index="2">
              <value>
                <![CDATA[{R65393034917=com.bsc.qa.facets.afa.pojo.KeywordFile@15a69a1}]]>
              </value>
            </param>
            <param index="3">
              <value>
                <![CDATA[{R65393034917=com.bsc.qa.facets.afa.pojo.KeywordDB@11abd11}]]>
              </value>
            </param>
          </params>
          <reporter-output>
          </reporter-output>
        </test-method> <!-- testAllData -->
        <test-method status="PASS" signature="logResult(org.testng.ITestResult)[pri:0, instance:com.bsc.qa.facets.afa.test.BorFileValidationTest@16b4233]" name="logResult" is-config="true" duration-ms="0" started-at="2019-06-17T12:03:19Z" finished-at="2019-06-17T12:03:19Z">
          <params>
            <param index="0">
              <value>
                <![CDATA[[TestResult name=testAllData status=SUCCESS method=BorFileValidationTest.testAllData(java.lang.String, java.util.Hashtable, java.util.Hashtable, java.util.Hashtable)[pri:0, instance:com.bsc.qa.facets.afa.test.BorFileValidationTest@16b4233] output={null}]]]>
              </value>
            </param>
          </params>
          <reporter-output>
          </reporter-output>
        </test-method> <!-- logResult -->
        <test-method status="PASS" signature="afterMethod(java.lang.reflect.Method)[pri:0, instance:com.bsc.qa.facets.afa.test.BorFileValidationTest@16b4233]" name="afterMethod" is-config="true" duration-ms="0" started-at="2019-06-17T12:03:19Z" finished-at="2019-06-17T12:03:19Z">
          <params>
            <param index="0">
              <value>
                <![CDATA[public void com.bsc.qa.facets.afa.test.BorFileValidationTest.testAllData(java.lang.String,java.util.Hashtable,java.util.Hashtable,java.util.Hashtable)]]>
              </value>
            </param>
          </params>
          <reporter-output>
          </reporter-output>
        </test-method> <!-- afterMethod -->
        <test-method status="PASS" signature="closeConnection()[pri:0, instance:com.bsc.qa.facets.afa.test.BorFileValidationTest@16b4233]" name="closeConnection" is-config="true" duration-ms="5" started-at="2019-06-17T12:03:19Z" finished-at="2019-06-17T12:03:19Z">
          <reporter-output>
          </reporter-output>
        </test-method> <!-- closeConnection -->
        <test-method status="PASS" signature="afterSuite()[pri:0, instance:com.bsc.qa.facets.afa.test.BorFileValidationTest@16b4233]" name="afterSuite" is-config="true" duration-ms="553" started-at="2019-06-17T12:03:19Z" depends-on-methods="com.bsc.qa.facets.afa.test.BorFileValidationTest.closeConnection" finished-at="2019-06-17T12:03:19Z">
          <reporter-output>
          </reporter-output>
        </test-method> <!-- afterSuite -->
      </class> <!-- com.bsc.qa.facets.afa.test.BorFileValidationTest -->
    </test> <!-- Test -->
  </suite> <!-- Suite -->
</testng-results>
