<?xml version="1.0" encoding="UTF-8"?>
<!-- Generated by org.testng.reporters.JUnitXMLReporter -->
<testsuite hostname="sacvd04383" ignored="0" name="Test" tests="3" failures="0" timestamp="27 Jun 2019 07:40:55 GMT" time="21.351" errors="0">
  <testcase name="testClaimsActivitySummaryData" time="0.004" classname="com.bsc.qa.facets.afa.test.AfaInvoiceReportValidationTest"/>
  <testcase name="testFrontPageData" time="0.002" classname="com.bsc.qa.facets.afa.test.AfaInvoiceReportValidationTest"/>
  <testcase name="testShieldSavingData" time="0.001" classname="com.bsc.qa.facets.afa.test.AfaInvoiceReportValidationTest"/>
</testsuite> <!-- Test -->
