<?xml version="1.0" encoding="UTF-8"?>
<!-- Generated by org.testng.reporters.JUnitXMLReporter -->
<testsuite hostname="sacvd00096" ignored="0" name="Test" tests="7" failures="0" timestamp="17 Jun 2019 12:46:36 GMT" time="1.046" errors="0">
  <testcase name="testAllData" time="0.019" classname="com.bsc.qa.facets.afa.test.KeywordDBValidationTest"/>
  <testcase name="testAllData" time="0.005" classname="com.bsc.qa.facets.afa.test.KeywordDBValidationTest"/>
  <testcase name="testAllData" time="0.001" classname="com.bsc.qa.facets.afa.test.KeywordDBValidationTest"/>
  <testcase name="testAllData" time="0.002" classname="com.bsc.qa.facets.afa.test.KeywordDBValidationTest"/>
  <testcase name="testAllData" time="0.0" classname="com.bsc.qa.facets.afa.test.KeywordDBValidationTest"/>
  <testcase name="testAllData" time="0.003" classname="com.bsc.qa.facets.afa.test.KeywordDBValidationTest"/>
  <testcase name="testAllData" time="0.001" classname="com.bsc.qa.facets.afa.test.KeywordDBValidationTest"/>
</testsuite> <!-- Test -->
