<?xml version="1.0" encoding="UTF-8"?>
<!-- Generated by org.testng.reporters.JUnitXMLReporter -->
<testsuite hostname="sacvd04135" ignored="0" name="Test" tests="19" failures="3" timestamp="18 Jun 2019 12:36:52 GMT" time="1.102" errors="0">
  <testcase name="testAllData" time="0.265" classname="com.bsc.qa.facets.afa.test.BorFileValidationTest"/>
  <testcase name="testAllData" time="0.002" classname="com.bsc.qa.facets.afa.test.BorFileValidationTest"/>
  <testcase name="testAllData" time="0.001" classname="com.bsc.qa.facets.afa.test.BorFileValidationTest"/>
  <testcase name="testAllData" time="0.001" classname="com.bsc.qa.facets.afa.test.BorFileValidationTest"/>
  <testcase name="testAllData" time="0.003" classname="com.bsc.qa.facets.afa.test.BorFileValidationTest"/>
  <testcase name="testAllData" time="0.002" classname="com.bsc.qa.facets.afa.test.BorFileValidationTest"/>
  <testcase name="testAllData" time="0.002" classname="com.bsc.qa.facets.afa.test.BorFileValidationTest"/>
  <testcase name="testBorToDBData" time="0.002" classname="com.bsc.qa.facets.afa.test.BorFileValidationTest"/>
  <testcase name="testBorToDBData" time="0.001" classname="com.bsc.qa.facets.afa.test.BorFileValidationTest"/>
  <testcase name="testBorToDBData" time="0.002" classname="com.bsc.qa.facets.afa.test.BorFileValidationTest"/>
  <testcase name="testBorToDBData" time="0.002" classname="com.bsc.qa.facets.afa.test.BorFileValidationTest"/>
  <testcase name="testBorToDBData" time="0.001" classname="com.bsc.qa.facets.afa.test.BorFileValidationTest">
    <failure type="java.lang.NullPointerException">
      <![CDATA[java.lang.NullPointerException
at com.bsc.qa.facets.afa.test.BorFileValidationTest.testBorToDBData(BorFileValidationTest.java:345)
at com.bsc.qa.facets.afa.test.BorFileValidationTest.run(BorFileValidationTest.java:462)
... Removed 27 stack frames]]>
    </failure>
  </testcase> <!-- testBorToDBData -->
  <testcase name="testBorToDBData" time="0.001" classname="com.bsc.qa.facets.afa.test.BorFileValidationTest"/>
  <testcase name="testBorToDBData" time="0.004" classname="com.bsc.qa.facets.afa.test.BorFileValidationTest">
    <failure type="java.lang.AssertionError" message="The following asserts failed:
	CLM_AMT mismatch for claimID - 101993660018,01 expected [117.00] but found [-106.82]">
      <![CDATA[java.lang.AssertionError: The following asserts failed:
CLM_AMT mismatch for claimID - 101993660018,01 expected [117.00] but found [-106.82]
at com.bsc.qa.facets.afa.test.BorFileValidationTest.testBorToDBData(BorFileValidationTest.java:397)
at com.bsc.qa.facets.afa.test.BorFileValidationTest.run(BorFileValidationTest.java:462)
... Removed 28 stack frames]]>
    </failure>
  </testcase> <!-- testBorToDBData -->
  <testcase name="testBorToDBData" time="0.006" classname="com.bsc.qa.facets.afa.test.BorFileValidationTest"/>
  <testcase name="testBorToDBData" time="0.001" classname="com.bsc.qa.facets.afa.test.BorFileValidationTest">
    <failure type="java.lang.AssertionError" message="The following asserts failed:
	CLM_AMT mismatch for claimID - 192488723848,01 expected [16.00] but found [-50.00]">
      <![CDATA[java.lang.AssertionError: The following asserts failed:
CLM_AMT mismatch for claimID - 192488723848,01 expected [16.00] but found [-50.00]
at com.bsc.qa.facets.afa.test.BorFileValidationTest.testBorToDBData(BorFileValidationTest.java:397)
at com.bsc.qa.facets.afa.test.BorFileValidationTest.run(BorFileValidationTest.java:462)
... Removed 28 stack frames]]>
    </failure>
  </testcase> <!-- testBorToDBData -->
  <testcase name="testBorToDBData" time="0.003" classname="com.bsc.qa.facets.afa.test.BorFileValidationTest"/>
  <testcase name="testBorToDBData" time="0.001" classname="com.bsc.qa.facets.afa.test.BorFileValidationTest"/>
  <testcase name="testBorToDBData" time="0.0" classname="com.bsc.qa.facets.afa.test.BorFileValidationTest"/>
</testsuite> <!-- Test -->
