<?xml version="1.0" encoding="UTF-8"?>
<testng-results skipped="0" failed="0" ignored="0" total="7" passed="7">
  <reporter-output>
  </reporter-output>
  <suite name="Suite" duration-ms="1046" started-at="2019-06-17T12:46:35Z" finished-at="2019-06-17T12:46:36Z">
    <groups>
    </groups>
    <test name="Test" duration-ms="1046" started-at="2019-06-17T12:46:35Z" finished-at="2019-06-17T12:46:36Z">
      <class name="com.bsc.qa.facets.afa.test.KeywordDBValidationTest">
        <test-method status="PASS" signature="getConnection()[pri:0, instance:com.bsc.qa.facets.afa.test.KeywordDBValidationTest@41e737]" name="getConnection" is-config="true" duration-ms="3676" started-at="2019-06-17T12:46:31Z" finished-at="2019-06-17T12:46:35Z">
          <reporter-output>
          </reporter-output>
        </test-method> <!-- getConnection -->
        <test-method status="PASS" signature="setUpData()[pri:0, instance:com.bsc.qa.facets.afa.test.KeywordDBValidationTest@41e737]" name="setUpData" is-config="true" duration-ms="955" started-at="2019-06-17T12:46:35Z" finished-at="2019-06-17T12:46:36Z">
          <reporter-output>
          </reporter-output>
        </test-method> <!-- setUpData -->
        <test-method status="PASS" signature="testAllData(java.lang.String, java.util.Hashtable, java.util.Hashtable, java.util.Hashtable)[pri:0, instance:com.bsc.qa.facets.afa.test.KeywordDBValidationTest@41e737]" name="testAllData" duration-ms="19" started-at="2019-06-17T12:46:36Z" data-provider="allData" finished-at="2019-06-17T12:46:36Z">
          <params>
            <param index="0">
              <value>
                <![CDATA[101993660018]]>
              </value>
            </param>
            <param index="1">
              <value>
                <![CDATA[{101993660018=com.bsc.qa.facets.afa.pojo.KeywordFile@4ea0bd}]]>
              </value>
            </param>
            <param index="2">
              <value>
                <![CDATA[{101993660018=com.bsc.qa.facets.afa.pojo.DatabaseKeyword@4f5497}]]>
              </value>
            </param>
            <param index="3">
              <value>
                <![CDATA[{101993660018=com.bsc.qa.facets.afa.pojo.Demographic@f2bbea}]]>
              </value>
            </param>
          </params>
          <reporter-output>
          </reporter-output>
        </test-method> <!-- testAllData -->
        <test-method status="PASS" signature="testAllData(java.lang.String, java.util.Hashtable, java.util.Hashtable, java.util.Hashtable)[pri:0, instance:com.bsc.qa.facets.afa.test.KeywordDBValidationTest@41e737]" name="testAllData" duration-ms="5" started-at="2019-06-17T12:46:36Z" data-provider="allData" finished-at="2019-06-17T12:46:36Z">
          <params>
            <param index="0">
              <value>
                <![CDATA[192488723848]]>
              </value>
            </param>
            <param index="1">
              <value>
                <![CDATA[{192488723848=com.bsc.qa.facets.afa.pojo.KeywordFile@12c8a40}]]>
              </value>
            </param>
            <param index="2">
              <value>
                <![CDATA[{192488723848=com.bsc.qa.facets.afa.pojo.DatabaseKeyword@13a053d}]]>
              </value>
            </param>
            <param index="3">
              <value>
                <![CDATA[{192488723848=com.bsc.qa.facets.afa.pojo.Demographic@14243e4}]]>
              </value>
            </param>
          </params>
          <reporter-output>
          </reporter-output>
        </test-method> <!-- testAllData -->
        <test-method status="PASS" signature="testAllData(java.lang.String, java.util.Hashtable, java.util.Hashtable, java.util.Hashtable)[pri:0, instance:com.bsc.qa.facets.afa.test.KeywordDBValidationTest@41e737]" name="testAllData" duration-ms="1" started-at="2019-06-17T12:46:36Z" data-provider="allData" finished-at="2019-06-17T12:46:36Z">
          <params>
            <param index="0">
              <value>
                <![CDATA[210010233056]]>
              </value>
            </param>
            <param index="1">
              <value>
                <![CDATA[{210010233056=com.bsc.qa.facets.afa.pojo.KeywordFile@10a9030}]]>
              </value>
            </param>
            <param index="2">
              <value>
                <![CDATA[{210010233056=com.bsc.qa.facets.afa.pojo.DatabaseKeyword@67ba60}]]>
              </value>
            </param>
            <param index="3">
              <value>
                <![CDATA[{210010233056=com.bsc.qa.facets.afa.pojo.Demographic@d57c1b}]]>
              </value>
            </param>
          </params>
          <reporter-output>
          </reporter-output>
        </test-method> <!-- testAllData -->
        <test-method status="PASS" signature="testAllData(java.lang.String, java.util.Hashtable, java.util.Hashtable, java.util.Hashtable)[pri:0, instance:com.bsc.qa.facets.afa.test.KeywordDBValidationTest@41e737]" name="testAllData" duration-ms="2" started-at="2019-06-17T12:46:36Z" data-provider="allData" finished-at="2019-06-17T12:46:36Z">
          <params>
            <param index="0">
              <value>
                <![CDATA[229897264385]]>
              </value>
            </param>
            <param index="1">
              <value>
                <![CDATA[{229897264385=com.bsc.qa.facets.afa.pojo.KeywordFile@159970a}]]>
              </value>
            </param>
            <param index="2">
              <value>
                <![CDATA[{229897264385=com.bsc.qa.facets.afa.pojo.DatabaseKeyword@1b5e331}]]>
              </value>
            </param>
            <param index="3">
              <value>
                <![CDATA[{229897264385=com.bsc.qa.facets.afa.pojo.Demographic@411d81}]]>
              </value>
            </param>
          </params>
          <reporter-output>
          </reporter-output>
        </test-method> <!-- testAllData -->
        <test-method status="PASS" signature="testAllData(java.lang.String, java.util.Hashtable, java.util.Hashtable, java.util.Hashtable)[pri:0, instance:com.bsc.qa.facets.afa.test.KeywordDBValidationTest@41e737]" name="testAllData" duration-ms="0" started-at="2019-06-17T12:46:36Z" data-provider="allData" finished-at="2019-06-17T12:46:36Z">
          <params>
            <param index="0">
              <value>
                <![CDATA[265393034917]]>
              </value>
            </param>
            <param index="1">
              <value>
                <![CDATA[{265393034917=com.bsc.qa.facets.afa.pojo.KeywordFile@6fd0b9}]]>
              </value>
            </param>
            <param index="2">
              <value>
                <![CDATA[{265393034917=com.bsc.qa.facets.afa.pojo.DatabaseKeyword@13c7bdb}]]>
              </value>
            </param>
            <param index="3">
              <value>
                <![CDATA[{265393034917=com.bsc.qa.facets.afa.pojo.Demographic@1cff1b9}]]>
              </value>
            </param>
          </params>
          <reporter-output>
          </reporter-output>
        </test-method> <!-- testAllData -->
        <test-method status="PASS" signature="testAllData(java.lang.String, java.util.Hashtable, java.util.Hashtable, java.util.Hashtable)[pri:0, instance:com.bsc.qa.facets.afa.test.KeywordDBValidationTest@41e737]" name="testAllData" duration-ms="3" started-at="2019-06-17T12:46:36Z" data-provider="allData" finished-at="2019-06-17T12:46:36Z">
          <params>
            <param index="0">
              <value>
                <![CDATA[R59173515955]]>
              </value>
            </param>
            <param index="1">
              <value>
                <![CDATA[{R59173515955=com.bsc.qa.facets.afa.pojo.KeywordFile@74e47}]]>
              </value>
            </param>
            <param index="2">
              <value>
                <![CDATA[{R59173515955=com.bsc.qa.facets.afa.pojo.DatabaseKeyword@1a10b5b}]]>
              </value>
            </param>
            <param index="3">
              <value>
                <![CDATA[{R59173515955=com.bsc.qa.facets.afa.pojo.Demographic@453307}]]>
              </value>
            </param>
          </params>
          <reporter-output>
          </reporter-output>
        </test-method> <!-- testAllData -->
        <test-method status="PASS" signature="testAllData(java.lang.String, java.util.Hashtable, java.util.Hashtable, java.util.Hashtable)[pri:0, instance:com.bsc.qa.facets.afa.test.KeywordDBValidationTest@41e737]" name="testAllData" duration-ms="1" started-at="2019-06-17T12:46:36Z" data-provider="allData" finished-at="2019-06-17T12:46:36Z">
          <params>
            <param index="0">
              <value>
                <![CDATA[R80075499989]]>
              </value>
            </param>
            <param index="1">
              <value>
                <![CDATA[{R80075499989=com.bsc.qa.facets.afa.pojo.KeywordFile@eb985d}]]>
              </value>
            </param>
            <param index="2">
              <value>
                <![CDATA[{R80075499989=com.bsc.qa.facets.afa.pojo.DatabaseKeyword@16b08d}]]>
              </value>
            </param>
            <param index="3">
              <value>
                <![CDATA[{R80075499989=com.bsc.qa.facets.afa.pojo.Demographic@9287b1}]]>
              </value>
            </param>
          </params>
          <reporter-output>
          </reporter-output>
        </test-method> <!-- testAllData -->
        <test-method status="PASS" signature="closeConnection()[pri:0, instance:com.bsc.qa.facets.afa.test.KeywordDBValidationTest@41e737]" name="closeConnection" is-config="true" duration-ms="6" started-at="2019-06-17T12:46:36Z" finished-at="2019-06-17T12:46:36Z">
          <reporter-output>
          </reporter-output>
        </test-method> <!-- closeConnection -->
      </class> <!-- com.bsc.qa.facets.afa.test.KeywordDBValidationTest -->
    </test> <!-- Test -->
  </suite> <!-- Suite -->
</testng-results>
